<?xml version="1.0" encoding="UTF-8"?>
<testng-results ignored="0" total="3" passed="3" failed="0" skipped="0">
  <reporter-output>
  </reporter-output>
  <suite started-at="2026-06-09T12:43:59 IST" name="Suite" finished-at="2026-06-09T12:45:07 IST" duration-ms="67868">
    <groups>
    </groups>
    <test started-at="2026-06-09T12:43:59 IST" name="Test" finished-at="2026-06-09T12:45:07 IST" duration-ms="67868">
      <class name="testcases.Saucedemo_all_Testcase">
        <test-method is-config="true" signature="setupReport()[pri:0, instance:testcases.Saucedemo_all_Testcase@475835b1]" started-at="2026-06-09T12:43:59 IST" name="setupReport" finished-at="2026-06-09T12:43:59 IST" duration-ms="132" status="PASS">
          <reporter-output>
          </reporter-output>
        </test-method> <!-- setupReport -->
        <test-method is-config="true" signature="initialize_n_OpenBrowser(java.lang.reflect.Method)[pri:0, instance:testcases.Saucedemo_all_Testcase@475835b1]" started-at="2026-06-09T12:43:59 IST" name="initialize_n_OpenBrowser" finished-at="2026-06-09T12:44:05 IST" duration-ms="5542" status="PASS">
          <params>
            <param index="0">
              <value>
                <![CDATA[public void testcases.Saucedemo_all_Testcase.login_testcase() throws java.io.IOException,java.lang.InterruptedException]]>
              </value>
            </param>
          </params>
          <reporter-output>
          </reporter-output>
        </test-method> <!-- initialize_n_OpenBrowser -->
        <test-method signature="login_testcase()[pri:0, instance:testcases.Saucedemo_all_Testcase@475835b1]" started-at="2026-06-09T12:44:05 IST" name="login_testcase" finished-at="2026-06-09T12:44:15 IST" duration-ms="10274" status="PASS">
          <reporter-output>
          </reporter-output>
        </test-method> <!-- login_testcase -->
        <test-method is-config="true" signature="closeBrowser()[pri:0, instance:testcases.Saucedemo_all_Testcase@475835b1]" started-at="2026-06-09T12:44:15 IST" name="closeBrowser" finished-at="2026-06-09T12:44:16 IST" duration-ms="1235" status="PASS">
          <reporter-output>
          </reporter-output>
        </test-method> <!-- closeBrowser -->
        <test-method is-config="true" signature="initialize_n_OpenBrowser(java.lang.reflect.Method)[pri:0, instance:testcases.Saucedemo_all_Testcase@475835b1]" started-at="2026-06-09T12:44:16 IST" name="initialize_n_OpenBrowser" finished-at="2026-06-09T12:44:21 IST" duration-ms="4906" status="PASS">
          <params>
            <param index="0">
              <value>
                <![CDATA[public void testcases.Saucedemo_all_Testcase.add_to_cart_testcase() throws java.io.IOException,java.lang.InterruptedException]]>
              </value>
            </param>
          </params>
          <reporter-output>
          </reporter-output>
        </test-method> <!-- initialize_n_OpenBrowser -->
        <test-method signature="add_to_cart_testcase()[pri:2, instance:testcases.Saucedemo_all_Testcase@475835b1]" started-at="2026-06-09T12:44:21 IST" name="add_to_cart_testcase" finished-at="2026-06-09T12:44:32 IST" duration-ms="11045" status="PASS">
          <reporter-output>
          </reporter-output>
        </test-method> <!-- add_to_cart_testcase -->
        <test-method is-config="true" signature="closeBrowser()[pri:0, instance:testcases.Saucedemo_all_Testcase@475835b1]" started-at="2026-06-09T12:44:32 IST" name="closeBrowser" finished-at="2026-06-09T12:44:34 IST" duration-ms="1267" status="PASS">
          <reporter-output>
          </reporter-output>
        </test-method> <!-- closeBrowser -->
        <test-method is-config="true" signature="initialize_n_OpenBrowser(java.lang.reflect.Method)[pri:0, instance:testcases.Saucedemo_all_Testcase@475835b1]" started-at="2026-06-09T12:44:34 IST" name="initialize_n_OpenBrowser" finished-at="2026-06-09T12:44:39 IST" duration-ms="5559" status="PASS">
          <params>
            <param index="0">
              <value>
                <![CDATA[public void testcases.Saucedemo_all_Testcase.checkout_n_address_testcase() throws java.io.IOException,java.lang.InterruptedException]]>
              </value>
            </param>
          </params>
          <reporter-output>
          </reporter-output>
        </test-method> <!-- initialize_n_OpenBrowser -->
        <test-method signature="checkout_n_address_testcase()[pri:3, instance:testcases.Saucedemo_all_Testcase@475835b1]" started-at="2026-06-09T12:44:39 IST" name="checkout_n_address_testcase" finished-at="2026-06-09T12:45:06 IST" duration-ms="26782" status="PASS">
          <reporter-output>
          </reporter-output>
        </test-method> <!-- checkout_n_address_testcase -->
        <test-method is-config="true" signature="closeBrowser()[pri:0, instance:testcases.Saucedemo_all_Testcase@475835b1]" started-at="2026-06-09T12:45:06 IST" name="closeBrowser" finished-at="2026-06-09T12:45:07 IST" duration-ms="950" status="PASS">
          <reporter-output>
          </reporter-output>
        </test-method> <!-- closeBrowser -->
        <test-method is-config="true" signature="flushReport()[pri:0, instance:testcases.Saucedemo_all_Testcase@475835b1]" started-at="2026-06-09T12:45:07 IST" name="flushReport" finished-at="2026-06-09T12:45:07 IST" duration-ms="245" status="PASS">
          <reporter-output>
          </reporter-output>
        </test-method> <!-- flushReport -->
      </class> <!-- testcases.Saucedemo_all_Testcase -->
    </test> <!-- Test -->
  </suite> <!-- Suite -->
</testng-results>
