<?xml version="1.0" encoding="UTF-8"?>
<!-- Generated by org.testng.reporters.JUnitXMLReporter -->
<testsuite ignored="0" hostname="DESKTOP-QCSTRKG" failures="0" tests="3" name="Test" time="67.868" errors="0" timestamp="2026-06-09T12:45:07 IST">
  <testcase classname="testcases.Saucedemo_all_Testcase" name="login_testcase" time="10.274"/>
  <testcase classname="testcases.Saucedemo_all_Testcase" name="add_to_cart_testcase" time="11.045"/>
  <testcase classname="testcases.Saucedemo_all_Testcase" name="checkout_n_address_testcase" time="26.782"/>
</testsuite> <!-- Test -->
