<?xml version="1.0" encoding="UTF-8"?>
<!-- Generated by org.testng.reporters.JUnitReportReporter -->
<testsuite hostname="DESKTOP-QCSTRKG" failures="0" tests="3" name="testcases.Saucedemo_all_Testcase" time="67.560" errors="0" timestamp="2026-06-09T12:45:07 IST" skipped="0">
  <testcase classname="testcases.Saucedemo_all_Testcase" name="login_testcase" time="16.783"/>
  <testcase classname="testcases.Saucedemo_all_Testcase" name="add_to_cart_testcase" time="17.822"/>
  <testcase classname="testcases.Saucedemo_all_Testcase" name="checkout_n_address_testcase" time="32.955"/>
</testsuite> <!-- testcases.Saucedemo_all_Testcase -->
