<?xml version="1.0" encoding="UTF-8"?>
<!-- Generated by org.testng.reporters.JUnitXMLReporter -->
<testsuite ignored="0" hostname="DESKTOP-QCSTRKG" failures="0" tests="3" name="Default test" time="58.858" errors="0" timestamp="2026-06-02T15:18:54 IST">
  <testcase classname="testcases.Saucedemo_all_Testcase" name="login_testcase" time="9.159"/>
  <testcase classname="testcases.Saucedemo_all_Testcase" name="add_to_cart_testcase" time="10.711"/>
  <testcase classname="testcases.Saucedemo_all_Testcase" name="checkout_n_address_testcase" time="26.249"/>
</testsuite> <!-- Default test -->
